<?xml version="1.0" encoding="UTF-8"?>
<!-- Generated by org.testng.reporters.JUnitXMLReporter -->
<testsuite ignored="0" hostname="DESKTOP-V80DMFV" failures="0" tests="3" name="Test" time="22.109" errors="0" timestamp="2022-08-13T18:19:34 PDT">
  <testcase classname="facebook.FacebookLoginTest" name="enterUserDetails" time="16.632"/>
  <testcase classname="facebook.FacebookLoginTest" name="forgotPassowrd" time="5.165"/>
  <testcase classname="facebook.FacebookLoginTest" name="searchUser" time="0.258"/>
</testsuite> <!-- Test -->
