<?xml version="1.0" encoding="UTF-8"?>
<testng-results ignored="0" total="3" passed="3" failed="0" skipped="0">
  <reporter-output>
  </reporter-output>
  <suite started-at="2022-08-13T18:19:11 PDT" name="Suite" finished-at="2022-08-13T18:19:34 PDT" duration-ms="22109">
    <groups>
    </groups>
    <test started-at="2022-08-13T18:19:11 PDT" name="Test" finished-at="2022-08-13T18:19:34 PDT" duration-ms="22109">
      <class name="facebook.FacebookLoginTest">
        <test-method signature="enterUserDetails()[pri:1, instance:facebook.FacebookLoginTest@5562c41e]" started-at="2022-08-13T18:19:11 PDT" name="enterUserDetails" finished-at="2022-08-13T18:19:28 PDT" duration-ms="16632" status="PASS">
          <reporter-output>
          </reporter-output>
        </test-method> <!-- enterUserDetails -->
        <test-method signature="forgotPassowrd()[pri:2, instance:facebook.FacebookLoginTest@5562c41e]" started-at="2022-08-13T18:19:28 PDT" name="forgotPassowrd" finished-at="2022-08-13T18:19:33 PDT" duration-ms="5165" status="PASS">
          <reporter-output>
          </reporter-output>
        </test-method> <!-- forgotPassowrd -->
        <test-method signature="searchUser()[pri:3, instance:facebook.FacebookLoginTest@5562c41e]" started-at="2022-08-13T18:19:33 PDT" name="searchUser" finished-at="2022-08-13T18:19:34 PDT" duration-ms="258" status="PASS">
          <reporter-output>
          </reporter-output>
        </test-method> <!-- searchUser -->
      </class> <!-- facebook.FacebookLoginTest -->
    </test> <!-- Test -->
  </suite> <!-- Suite -->
</testng-results>
